<?xml version="1.0" encoding="UTF-8"?>
<!-- Generated by org.testng.reporters.JUnitXMLReporter -->
<testsuite hostname="MacBook-Pro" ignored="0" name="Test" tests="6" failures="1" timestamp="22 Jan 2019 08:45:11 GMT" time="12.664" errors="0">
  <testcase name="verifyLogo" time="0.053" classname="com.app.tests.HomePageTests"/>
  <testcase name="verifyMenuNavigation" time="9.161" classname="com.app.tests.HomePageTests"/>
  <testcase name="verifyNavTitles" time="0.142" classname="com.app.tests.HomePageTests">
    <skipped/>
  </testcase> <!-- verifyNavTitles -->
  <testcase name="verifyNavTitles" time="0.119" classname="com.app.tests.HomePageTests">
    <skipped/>
  </testcase> <!-- verifyNavTitles -->
  <testcase name="verifyNavTitles" time="0.121" classname="com.app.tests.HomePageTests">
    <failure type="java.lang.AssertionError" message="Failed: T-Shirts page is not displayed expected [false] but found [true]">
      <![CDATA[java.lang.AssertionError: Failed: T-Shirts page is not displayed expected [false] but found [true]
at com.app.tests.HomePageTests.verifyNavTitles(HomePageTests.java:36)
... Removed 28 stack frames]]>
    </failure>
  </testcase> <!-- verifyNavTitles -->
  <testcase name="verifyNewsletterInputAlert" time="3.029" classname="com.app.tests.HomePageTests"/>
</testsuite> <!-- Test -->
